<?xml version="1.0" encoding="UTF-8"?>
<!-- Generated by org.testng.reporters.JUnitReportReporter -->
<testsuite ignored="0" hostname="Mini" failures="0" tests="1" name="testSel.testSel" time="3.477" errors="0" timestamp="29 oct. 2022 16:01:53 GMT" skipped="0">
  <testcase classname="testSel.testSel" name="f" time="3.477"/>
</testsuite> <!-- testSel.testSel -->
